<?xml version="1.0" encoding="UTF-8"?>
<testsuite name="br.com.wgc.core.coroutines.CoroutineDispatchersTest" tests="4" skipped="0" failures="0" errors="0" timestamp="2026-09-06T19:31:05.387Z" hostname="DESKTOP-UADTKH3" time="1.129">
  <properties/>
  <testcase name="retryWithBackoff_whenAllAttemptsExhausted_shouldThrowLastException" classname="br.com.wgc.core.coroutines.CoroutineDispatchersTest" time="1.087"/>
  <testcase name="defaultCoroutineDispatchers_shouldProvideStandardDispatchers" classname="br.com.wgc.core.coroutines.CoroutineDispatchersTest" time="0.019"/>
  <testcase name="retryWithBackoff_whenFailsOnceThenSucceeds_shouldRetryAndReturn" classname="br.com.wgc.core.coroutines.CoroutineDispatchersTest" time="0.011"/>
  <testcase name="retryWithBackoff_whenSucceedsOnFirstAttempt_shouldReturnResultImmediately" classname="br.com.wgc.core.coroutines.CoroutineDispatchersTest" time="0.011"/>
  <system-out><![CDATA[]]></system-out>
  <system-err><![CDATA[]]></system-err>
</testsuite>
