<?xml version="1.0" encoding="UTF-8"?>
<testsuite name="br.com.wgc.core.logging.DefaultCoreLoggerTest" tests="4" skipped="0" failures="0" errors="0" timestamp="2026-09-06T19:31:06.681Z" hostname="DESKTOP-UADTKH3" time="0.026">
  <properties/>
  <testcase name="maskPii_shouldMaskCpfCreditCardAndBearerToken" classname="br.com.wgc.core.logging.DefaultCoreLoggerTest" time="0.02"/>
  <testcase name="log_whenLevelIsBelowMinLevel_shouldNotEmitLog" classname="br.com.wgc.core.logging.DefaultCoreLoggerTest" time="0.002"/>
  <testcase name="log_whenLevelIsAtOrAboveMinLevel_shouldEmitLog" classname="br.com.wgc.core.logging.DefaultCoreLoggerTest" time="0.001"/>
  <testcase name="maskPii_whenDisabled_shouldNotAlterMessage" classname="br.com.wgc.core.logging.DefaultCoreLoggerTest" time="0.002"/>
  <system-out><![CDATA[]]></system-out>
  <system-err><![CDATA[]]></system-err>
</testsuite>
