<?xml version="1.0" encoding="UTF-8"?>
<testsuite name="br.com.wgc.core.analytics.CompositeAnalyticsTrackerTest" tests="4" skipped="0" failures="0" errors="0" timestamp="2026-09-06T19:30:58.047Z" hostname="DESKTOP-UADTKH3" time="7.332">
  <properties/>
  <testcase name="setUserId should propagate identifier to all trackers" classname="br.com.wgc.core.analytics.CompositeAnalyticsTrackerTest" time="7.136"/>
  <testcase name="setUserProperty should mask PII when enabled" classname="br.com.wgc.core.analytics.CompositeAnalyticsTrackerTest" time="0.015"/>
  <testcase name="maskPii should return original text when masking is disabled" classname="br.com.wgc.core.analytics.CompositeAnalyticsTrackerTest" time="0.0"/>
  <testcase name="logEvent should fan out to all registered trackers with masked PII" classname="br.com.wgc.core.analytics.CompositeAnalyticsTrackerTest" time="0.179"/>
  <system-out><![CDATA[]]></system-out>
  <system-err><![CDATA[]]></system-err>
</testsuite>
