<?xml version="1.0" encoding="UTF-8"?>
<testsuite name="br.com.wgc.core.result.ResultStateTest" tests="6" skipped="0" failures="0" errors="0" timestamp="2026-09-06T19:31:06.715Z" hostname="DESKTOP-UADTKH3" time="0.444">
  <properties/>
  <testcase name="asResultState_whenFlowEmitsValue_emitsLoadingThenSuccess" classname="br.com.wgc.core.result.ResultStateTest" time="0.407"/>
  <testcase name="errorState_helpersReturnExpectedValues" classname="br.com.wgc.core.result.ResultStateTest" time="0.006"/>
  <testcase name="successState_helpersReturnExpectedValues" classname="br.com.wgc.core.result.ResultStateTest" time="0.0"/>
  <testcase name="map_transformsSuccessData" classname="br.com.wgc.core.result.ResultStateTest" time="0.002"/>
  <testcase name="loadingState_helpersReturnExpectedValues" classname="br.com.wgc.core.result.ResultStateTest" time="0.001"/>
  <testcase name="asResultState_whenFlowThrows_emitsLoadingThenError" classname="br.com.wgc.core.result.ResultStateTest" time="0.027"/>
  <system-out><![CDATA[]]></system-out>
  <system-err><![CDATA[]]></system-err>
</testsuite>
