<?xml version="1.0" encoding="UTF-8"?>
<testsuite name="br.com.wgc.core.notification.NotificationHelperTest" tests="2" skipped="0" failures="0" errors="0" timestamp="2026-09-06T19:31:35.908Z" hostname="DESKTOP-UADTKH3" time="0.361">
  <properties/>
  <testcase name="createNotification_buildsValidNotification" classname="br.com.wgc.core.notification.NotificationHelperTest" time="0.257"/>
  <testcase name="createNotificationChannelsDefault_createsAllExpectedChannels" classname="br.com.wgc.core.notification.NotificationHelperTest" time="0.103"/>
  <system-out><![CDATA[]]></system-out>
  <system-err><![CDATA[]]></system-err>
</testsuite>
