<?xml version="1.0" encoding="UTF-8"?>
<testsuite name="br.com.wgc.core.device.DefaultPermissionManagerTest" tests="2" skipped="0" failures="0" errors="0" timestamp="2026-09-06T19:31:28.954Z" hostname="DESKTOP-UADTKH3" time="0.182">
  <properties/>
  <testcase name="permission states should represent valid models" classname="br.com.wgc.core.device.DefaultPermissionManagerTest" time="0.088"/>
  <testcase name="isGranted should check permission state" classname="br.com.wgc.core.device.DefaultPermissionManagerTest" time="0.094"/>
  <system-out><![CDATA[]]></system-out>
  <system-err><![CDATA[]]></system-err>
</testsuite>
