<?xml version="1.0" encoding="UTF-8"?>
<testsuite name="br.com.wgc.core.device.DefaultDeviceInfoTest" tests="1" skipped="0" failures="0" errors="0" timestamp="2026-09-06T19:31:19.303Z" hostname="DESKTOP-UADTKH3" time="8.4">
  <properties/>
  <testcase name="deviceInfo_shouldReturnNonEmptyMetadata" classname="br.com.wgc.core.device.DefaultDeviceInfoTest" time="8.4"/>
  <system-out><![CDATA[]]></system-out>
  <system-err><![CDATA[[Robolectric] WARN: Android SDK 36 requires Java 21 (have Java 17). Tests won't be run on SDK 36 unless explicitly requested.
]]></system-err>
</testsuite>
