<?xml version="1.0" encoding="UTF-8"?>
<testsuite name="br.com.wgc.core.result.UiEffectChannelTest" tests="2" skipped="0" failures="0" errors="0" timestamp="2026-09-06T19:41:59.181Z" hostname="DESKTOP-UADTKH3" time="0.774">
  <properties/>
  <testcase name="trySendEffect_shouldReturnTrueAndEmitSuccessfully" classname="br.com.wgc.core.result.UiEffectChannelTest" time="0.761"/>
  <testcase name="sendEffect_shouldEmitEffectToSubscribers" classname="br.com.wgc.core.result.UiEffectChannelTest" time="0.013"/>
  <system-out><![CDATA[]]></system-out>
  <system-err><![CDATA[]]></system-err>
</testsuite>
