<?xml version="1.0" encoding="UTF-8"?>
<testsuite name="br.com.wgc.core.dataStorePreferences.DataStorePreferencesCoreTest" tests="9" skipped="0" failures="0" errors="0" timestamp="2026-09-06T19:41:39.545Z" hostname="DESKTOP-UADTKH3" time="6.495">
  <properties/>
  <testcase name="saveAndGetLong_returnsSavedValue" classname="br.com.wgc.core.dataStorePreferences.DataStorePreferencesCoreTest" time="5.849"/>
  <testcase name="clear_removesAllKeys" classname="br.com.wgc.core.dataStorePreferences.DataStorePreferencesCoreTest" time="0.109"/>
  <testcase name="saveAndGetFloat_returnsSavedValue" classname="br.com.wgc.core.dataStorePreferences.DataStorePreferencesCoreTest" time="0.084"/>
  <testcase name="containsKey_returnsTrueWhenKeyExists" classname="br.com.wgc.core.dataStorePreferences.DataStorePreferencesCoreTest" time="0.08"/>
  <testcase name="removeKey_removesKeyFromDataStore" classname="br.com.wgc.core.dataStorePreferences.DataStorePreferencesCoreTest" time="0.08"/>
  <testcase name="saveAndGetStringSet_returnsSavedSetWithCommasCorrectly" classname="br.com.wgc.core.dataStorePreferences.DataStorePreferencesCoreTest" time="0.1"/>
  <testcase name="saveAndGetInt_returnsSavedValue" classname="br.com.wgc.core.dataStorePreferences.DataStorePreferencesCoreTest" time="0.064"/>
  <testcase name="saveAndGetString_returnsSavedValue" classname="br.com.wgc.core.dataStorePreferences.DataStorePreferencesCoreTest" time="0.069"/>
  <testcase name="saveAndGetBoolean_returnsSavedValue" classname="br.com.wgc.core.dataStorePreferences.DataStorePreferencesCoreTest" time="0.053"/>
  <system-out><![CDATA[]]></system-out>
  <system-err><![CDATA[[Robolectric] WARN: Android SDK 36 requires Java 21 (have Java 17). Tests won't be run on SDK 36 unless explicitly requested.
]]></system-err>
</testsuite>
