<?xml version="1.0" encoding="UTF-8"?>
<testsuite name="br.com.wgc.core.network.TokenAuthenticatorTest" tests="2" skipped="0" failures="0" errors="0" timestamp="2026-09-06T19:33:12.666Z" hostname="DESKTOP-UADTKH3" time="7.881">
  <properties/>
  <testcase name="authenticate_whenRefreshFails_shouldTriggerOnSessionExpired" classname="br.com.wgc.core.network.TokenAuthenticatorTest" time="7.835"/>
  <testcase name="authenticate_when401Occurs_shouldCallRefreshTokenAndRetry" classname="br.com.wgc.core.network.TokenAuthenticatorTest" time="0.046"/>
  <system-out><![CDATA[]]></system-out>
  <system-err><![CDATA[]]></system-err>
</testsuite>
